Ignored `box-shadow: 0 4px 24px rgba(0,0,0,0.08)` at 26:13, unknown property.
Failed to load image at 'http://localhost:8000/media/images/logos/light-logo.png': UnidentifiedImageError: cannot identify image file <_io.BytesIO object at 0x73927319e1b0>
Ignored `box-shadow: 0 4px 24px rgba(0,0,0,0.08)` at 26:13, unknown property.
Failed to load image at 'http://localhost:8000/media/images/logos/light-logo.png': UnidentifiedImageError: cannot identify image file <_io.BytesIO object at 0x7c02e7be6ac0>
Ignored `box-shadow: 0 4px 24px rgba(0,0,0,0.08)` at 26:13, unknown property.
Ignored `box-shadow: 0 4px 24px rgba(0,0,0,0.08)` at 26:13, unknown property.
Failed to load image at 'http://localhost:8000/media/images/logos/light-logo.png': UnidentifiedImageError: cannot identify image file <_io.BytesIO object at 0x7c02e4327dd0>
Failed to load image at 'http://localhost:8000/media/images/logos/light-logo.png': UnidentifiedImageError: cannot identify image file <_io.BytesIO object at 0x7c02e4327dd0>
Failed to load image at 'http://localhost:8000/media/images/logos/light-logo.png': UnidentifiedImageError: cannot identify image file <_io.BytesIO object at 0x7c02d69ab470>
Failed to load image at 'http://localhost:8000/media/images/logos/light-logo.png': UnidentifiedImageError: cannot identify image file <_io.BytesIO object at 0x7c02d69ab470>
Failed to load image at 'http://localhost:8000/media/images/logos/light-logo.png': UnidentifiedImageError: cannot identify image file <_io.BytesIO object at 0x7c02d69ab470>
Failed to load image at 'http://localhost:8000/media/images/logos/light-logo.png': UnidentifiedImageError: cannot identify image file <_io.BytesIO object at 0x7c02d5f75d00>
Failed to load image at 'http://localhost:8000/media/images/logos/light-logo.png': UnidentifiedImageError: cannot identify image file <_io.BytesIO object at 0x7c02d5f75d00>
Failed to load image at 'http://localhost:8000/media/images/logos/light-logo.png': UnidentifiedImageError: cannot identify image file <_io.BytesIO object at 0x7c02d5f75d00>
Failed to load image at 'http://localhost:8000/media/images/logos/light-logo.png': UnidentifiedImageError: cannot identify image file <_io.BytesIO object at 0x7c02d5f75d00>
Failed to load image at 'http://localhost:8000/media/images/logos/Boehringer_Ingelheim_Logo.jpg': UnidentifiedImageError: cannot identify image file <_io.BytesIO object at 0x7c02e630a4d0>
Failed to load image at 'http://localhost:8000/media/images/logos/Boehringer_Ingelheim_Logo.jpg': UnidentifiedImageError: cannot identify image file <_io.BytesIO object at 0x7c02e630a4d0>
Failed to load image at 'http://localhost:8000/media/images/logos/Boehringer_Ingelheim_Logo.jpg': UnidentifiedImageError: cannot identify image file <_io.BytesIO object at 0x7c02e630a4d0>
Failed to load image at 'http://localhost:8000/media/images/logos/Boehringer_Ingelheim_Logo.jpg': UnidentifiedImageError: cannot identify image file <_io.BytesIO object at 0x7c02e630a4d0>
Failed to load image at 'http://localhost:8000/media/images/logos/Boehringer_Ingelheim_Logo.jpg': UnidentifiedImageError: cannot identify image file <_io.BytesIO object at 0x7c02e630a4d0>
Failed to load image at 'http://localhost:8000/media/images/logos/light-logo_vCMRv5J.png': UnidentifiedImageError: cannot identify image file <_io.BytesIO object at 0x7c02d5f95940>
Failed to load image at 'http://localhost:8000/media/images/logos/light-logo_vCMRv5J.png': UnidentifiedImageError: cannot identify image file <_io.BytesIO object at 0x7c02d5f95940>
Failed to load image at 'http://localhost:8000/media/images/logos/light-logo_vCMRv5J.png': UnidentifiedImageError: cannot identify image file <_io.BytesIO object at 0x7c02d5f95940>
Failed to load image at 'http://localhost:8000/media/images/logos/light-logo_vCMRv5J.png': UnidentifiedImageError: cannot identify image file <_io.BytesIO object at 0x7c02d5f95940>
Failed to load image at 'http://localhost:8000/media/images/logos/light-logo_vCMRv5J.png': UnidentifiedImageError: cannot identify image file <_io.BytesIO object at 0x7c02d5f95940>
Failed to load image at 'http://localhost:8000/media/images/logos/light-logo_vCMRv5J.png': UnidentifiedImageError: cannot identify image file <_io.BytesIO object at 0x7c02d5f95940>
Failed to load image at 'http://localhost:8000/media/images/logos/light-logo_vCMRv5J.png': UnidentifiedImageError: cannot identify image file <_io.BytesIO object at 0x7c02d55a8e50>
Failed to load image at 'http://localhost:8000/media/images/logos/light-logo_vCMRv5J.png': UnidentifiedImageError: cannot identify image file <_io.BytesIO object at 0x7c02d55a8e50>
Failed to load image at 'http://localhost:8000/media/images/logos/light-logo_vCMRv5J.png': UnidentifiedImageError: cannot identify image file <_io.BytesIO object at 0x7c02d55a8e50>
Failed to load image at 'http://localhost:8000/media/images/logos/light-logo_vCMRv5J.png': UnidentifiedImageError: cannot identify image file <_io.BytesIO object at 0x7c02d55a8e50>
Failed to load image at 'http://localhost:8000/media/images/logos/light-logo_vCMRv5J.png': UnidentifiedImageError: cannot identify image file <_io.BytesIO object at 0x7c02d55a8e50>
Failed to load image at 'http://localhost:8000/media/images/logos/light-logo_vCMRv5J.png': UnidentifiedImageError: cannot identify image file <_io.BytesIO object at 0x7c02d55a8e50>
Failed to load image at 'http://localhost:8000/media/images/logos/light-logo_vCMRv5J.png': UnidentifiedImageError: cannot identify image file <_io.BytesIO object at 0x7c02d55a8e50>
Failed to load image at 'http://localhost:8000/media/images/logos/light-logo_vCMRv5J.png': UnidentifiedImageError: cannot identify image file <_io.BytesIO object at 0x7c02d6994680>
Failed to load image at 'http://localhost:8000/media/images/logos/light-logo_vCMRv5J.png': UnidentifiedImageError: cannot identify image file <_io.BytesIO object at 0x7c02d6994680>
Failed to load image at 'http://localhost:8000/media/images/logos/light-logo_vCMRv5J.png': UnidentifiedImageError: cannot identify image file <_io.BytesIO object at 0x7c02d6994680>
Failed to load image at 'http://localhost:8000/media/images/logos/light-logo_vCMRv5J.png': UnidentifiedImageError: cannot identify image file <_io.BytesIO object at 0x7c02d6994680>
Failed to load image at 'http://localhost:8000/media/images/logos/light-logo_vCMRv5J.png': UnidentifiedImageError: cannot identify image file <_io.BytesIO object at 0x7c02d6994680>
Failed to load image at 'http://localhost:8000/media/images/logos/light-logo_vCMRv5J.png': UnidentifiedImageError: cannot identify image file <_io.BytesIO object at 0x7c02d6994680>
Failed to load image at 'http://localhost:8000/media/images/logos/light-logo_vCMRv5J.png': UnidentifiedImageError: cannot identify image file <_io.BytesIO object at 0x7c02d6994680>
Failed to load image at 'http://localhost:8000/media/images/logos/light-logo_vCMRv5J.png': UnidentifiedImageError: cannot identify image file <_io.BytesIO object at 0x7c02d6994680>
Failed to load image at 'http://localhost:8000/quotes/print_quote_pdf/2/media/images/logos/light-logo_vCMRv5J.png': HTTPError: HTTP Error 404: Not Found
Failed to load image at 'http://localhost:8000/quotes/print_quote_pdf/2/media/images/logos/light-logo_vCMRv5J.png': HTTPError: HTTP Error 404: Not Found
Failed to load image at 'http://localhost:8000/media/images/logos/light-logo_vCMRv5J.png': UnidentifiedImageError: cannot identify image file <_io.BytesIO object at 0x7368928c8fe0>
Failed to load image at 'http://localhost:8000/media/images/logos/light-logo_vCMRv5J.png': UnidentifiedImageError: cannot identify image file <_io.BytesIO object at 0x736890f78ea0>
Failed to load image at 'http://localhost:8000/media/images/logos/light-logo_vCMRv5J.png': UnidentifiedImageError: cannot identify image file <_io.BytesIO object at 0x736890f78ea0>
Failed to load image at 'http://localhost:8000/media/images/logos/light-logo_vCMRv5J.png': UnidentifiedImageError: cannot identify image file <_io.BytesIO object at 0x7076284cc810>
Failed to load image at 'http://localhost:8000/media/images/logos/light-logo_vCMRv5J.png': UnidentifiedImageError: cannot identify image file <_io.BytesIO object at 0x70762a0c42c0>
Failed to load image at 'http://localhost:8000/media/images/logos/light-logo_vCMRv5J.png': UnidentifiedImageError: cannot identify image file <_io.BytesIO object at 0x70762a0c42c0>
Failed to load image at 'http://localhost:8000/media/images/logos/light-logo_vCMRv5J.png': UnidentifiedImageError: cannot identify image file <_io.BytesIO object at 0x7eb4f1642250>
Failed to load image at 'http://localhost:8000/media/images/logos/light-logo_vCMRv5J.png': UnidentifiedImageError: cannot identify image file <_io.BytesIO object at 0x7eb4e99e1da0>
Failed to load image at 'http://localhost:8000/media/images/logos/light-logo_vCMRv5J.png': UnidentifiedImageError: cannot identify image file <_io.BytesIO object at 0x7eb4e99e1da0>
Failed to load image at 'http://localhost:8000/media/images/logos/light-logo_vCMRv5J.png': UnidentifiedImageError: cannot identify image file <_io.BytesIO object at 0x7eb4e8e02b10>
Failed to load image at 'http://localhost:8000/media/images/logos/light-logo_vCMRv5J.png': UnidentifiedImageError: cannot identify image file <_io.BytesIO object at 0x7eb4e8e02b10>
Failed to load image at 'http://localhost:8000/media/images/logos/light-logo_vCMRv5J.png': UnidentifiedImageError: cannot identify image file <_io.BytesIO object at 0x7eb4e8e02b10>
Failed to load image at 'http://localhost:8000/media/images/logos/light-logo_vCMRv5J.png': UnidentifiedImageError: cannot identify image file <_io.BytesIO object at 0x7b3076b0d580>
Failed to load image at 'http://localhost:8000/media/images/logos/light-logo_vCMRv5J.png': UnidentifiedImageError: cannot identify image file <_io.BytesIO object at 0x7b307406abb0>
Failed to load image at 'http://localhost:8000/media/images/logos/light-logo_vCMRv5J.png': UnidentifiedImageError: cannot identify image file <_io.BytesIO object at 0x7b307406abb0>
Failed to load image at 'http://localhost:8000/media/images/logos/light-logo.png': UnidentifiedImageError: cannot identify image file <_io.BytesIO object at 0x7b30752b3420>
Failed to load image at 'http://localhost:8000/media/images/logos/light-logo.png': UnidentifiedImageError: cannot identify image file <_io.BytesIO object at 0x7b30752b3420>
Failed to load image at 'http://localhost:8000/media/images/logos/light-logo.png': UnidentifiedImageError: cannot identify image file <_io.BytesIO object at 0x7b30752b3420>
Failed to load image at 'http://localhost:8000/media/images/logos/light-logo.png': UnidentifiedImageError: cannot identify image file <_io.BytesIO object at 0x7b306ce6c770>
Failed to load image at 'http://localhost:8000/media/images/logos/light-logo.png': UnidentifiedImageError: cannot identify image file <_io.BytesIO object at 0x7b306ce6c770>
Failed to load image at 'http://localhost:8000/media/images/logos/light-logo.png': UnidentifiedImageError: cannot identify image file <_io.BytesIO object at 0x7b306ce6c770>
Failed to load image at 'http://localhost:8000/media/images/logos/light-logo.png': UnidentifiedImageError: cannot identify image file <_io.BytesIO object at 0x7b306ce6c770>
Failed to load image at 'http://localhost:8000/media/images/logos/light-logo.png': UnidentifiedImageError: cannot identify image file <_io.BytesIO object at 0x7b306ceed260>
Failed to load image at 'http://localhost:8000/media/images/logos/light-logo.png': UnidentifiedImageError: cannot identify image file <_io.BytesIO object at 0x7b306ceed260>
Failed to load image at 'http://localhost:8000/media/images/logos/light-logo.png': UnidentifiedImageError: cannot identify image file <_io.BytesIO object at 0x7b306ceed260>
Failed to load image at 'http://localhost:8000/media/images/logos/light-logo.png': UnidentifiedImageError: cannot identify image file <_io.BytesIO object at 0x7b306ceed260>
Failed to load image at 'http://localhost:8000/media/images/logos/light-logo.png': UnidentifiedImageError: cannot identify image file <_io.BytesIO object at 0x7b306ceed260>
Failed to load image at 'http://localhost:8000/media/images/logos/light-logo.png': UnidentifiedImageError: cannot identify image file <_io.BytesIO object at 0x7abb75ef0b30>
Failed to load image at 'http://localhost:8000/media/images/logos/light-logo.png': UnidentifiedImageError: cannot identify image file <_io.BytesIO object at 0x7abb7459d670>
Failed to load image at 'http://localhost:8000/media/images/logos/light-logo.png': UnidentifiedImageError: cannot identify image file <_io.BytesIO object at 0x7abb7459d670>
Failed to load image at 'http://localhost:8000/media/images/logos/light-logo_vCMRv5J.png': UnidentifiedImageError: cannot identify image file <_io.BytesIO object at 0x7af14d954d60>
Failed to load image at 'http://localhost:8000/media/images/logos/light-logo_vCMRv5J.png': UnidentifiedImageError: cannot identify image file <_io.BytesIO object at 0x7af145148400>
Failed to load image at 'http://localhost:8000/media/images/logos/light-logo_vCMRv5J.png': UnidentifiedImageError: cannot identify image file <_io.BytesIO object at 0x7af145148400>
Failed to load image at 'http://localhost:8000/media/images/logos/light-logo_vCMRv5J.png': UnidentifiedImageError: cannot identify image file <_io.BytesIO object at 0x7af1453fbfb0>
Failed to load image at 'http://localhost:8000/media/images/logos/light-logo_vCMRv5J.png': UnidentifiedImageError: cannot identify image file <_io.BytesIO object at 0x7af1453fbfb0>
Failed to load image at 'http://localhost:8000/media/images/logos/light-logo_vCMRv5J.png': UnidentifiedImageError: cannot identify image file <_io.BytesIO object at 0x7af1453fbfb0>
Failed to load image at 'http://localhost:8000/media/images/logos/light-logo_vCMRv5J.png': UnidentifiedImageError: cannot identify image file <_io.BytesIO object at 0x7af145337ba0>
Failed to load image at 'http://localhost:8000/media/images/logos/light-logo_vCMRv5J.png': UnidentifiedImageError: cannot identify image file <_io.BytesIO object at 0x7af145337ba0>
Failed to load image at 'http://localhost:8000/media/images/logos/light-logo_vCMRv5J.png': UnidentifiedImageError: cannot identify image file <_io.BytesIO object at 0x7af145337ba0>
Failed to load image at 'http://localhost:8000/media/images/logos/light-logo_vCMRv5J.png': UnidentifiedImageError: cannot identify image file <_io.BytesIO object at 0x7af145337ba0>
Failed to load image at 'http://localhost:8000/media/images/logos/light-logo_vCMRv5J.png': UnidentifiedImageError: cannot identify image file <_io.BytesIO object at 0x7af145591260>
Failed to load image at 'http://localhost:8000/media/images/logos/light-logo_vCMRv5J.png': UnidentifiedImageError: cannot identify image file <_io.BytesIO object at 0x7af145591260>
Failed to load image at 'http://localhost:8000/media/images/logos/light-logo_vCMRv5J.png': UnidentifiedImageError: cannot identify image file <_io.BytesIO object at 0x7af145591260>
Failed to load image at 'http://localhost:8000/media/images/logos/light-logo_vCMRv5J.png': UnidentifiedImageError: cannot identify image file <_io.BytesIO object at 0x7af145591260>
Failed to load image at 'http://localhost:8000/media/images/logos/light-logo_vCMRv5J.png': UnidentifiedImageError: cannot identify image file <_io.BytesIO object at 0x7af145591260>
Failed to load image at 'file://home/taki/Desktop/octopus_crm/media/images/logos/light-logo.png': URLError: <urlopen error [Errno 2] No such file or directory: '/taki/Desktop/octopus_crm/media/images/logos/light-logo.png'>
Failed to load image at 'file://home/taki/Desktop/octopus_crm/media/images/logos/light-logo.png': URLError: <urlopen error [Errno 2] No such file or directory: '/taki/Desktop/octopus_crm/media/images/logos/light-logo.png'>
Failed to load image at 'file://home/taki/Desktop/octopus_crm/media/images/logos/light-logo.png': URLError: <urlopen error [Errno 2] No such file or directory: '/taki/Desktop/octopus_crm/media/images/logos/light-logo.png'>
Failed to load image at 'file://home/taki/Desktop/octopus_crm/media/images/logos/light-logo.png': URLError: <urlopen error [Errno 2] No such file or directory: '/taki/Desktop/octopus_crm/media/images/logos/light-logo.png'>
Failed to load image at 'file://home/taki/Desktop/octopus_crm/media/images/logos/light-logo.png': URLError: <urlopen error [Errno 2] No such file or directory: '/taki/Desktop/octopus_crm/media/images/logos/light-logo.png'>
Failed to load image at 'file://home/taki/Desktop/octopus_crm/media/images/logos/light-logo.png': URLError: <urlopen error [Errno 2] No such file or directory: '/taki/Desktop/octopus_crm/media/images/logos/light-logo.png'>
Failed to load image at 'file://home/taki/Desktop/octopus_crm/media/images/logos/light-logo.png': URLError: <urlopen error [Errno 2] No such file or directory: '/taki/Desktop/octopus_crm/media/images/logos/light-logo.png'>
Failed to load image at 'file://home/taki/Desktop/octopus_crm/media/images/logos/light-logo.png': URLError: <urlopen error [Errno 2] No such file or directory: '/taki/Desktop/octopus_crm/media/images/logos/light-logo.png'>
Failed to load image at 'file://home/taki/Desktop/octopus_crm/media/images/logos/light-logo.png': URLError: <urlopen error [Errno 2] No such file or directory: '/taki/Desktop/octopus_crm/media/images/logos/light-logo.png'>
Failed to load image at 'file://home/taki/Desktop/octopus_crm/media/images/logos/light-logo.png': URLError: <urlopen error [Errno 2] No such file or directory: '/taki/Desktop/octopus_crm/media/images/logos/light-logo.png'>
Failed to load image at 'file://home/taki/Desktop/octopus_crm/media/images/logos/light-logo.png': URLError: <urlopen error [Errno 2] No such file or directory: '/taki/Desktop/octopus_crm/media/images/logos/light-logo.png'>
Failed to load image at 'file://home/taki/Desktop/octopus_crm/media/images/logos/light-logo.png': URLError: <urlopen error [Errno 2] No such file or directory: '/taki/Desktop/octopus_crm/media/images/logos/light-logo.png'>
Failed to load image at 'file://home/taki/Desktop/octopus_crm/media/images/logos/light-logo.png': URLError: <urlopen error [Errno 2] No such file or directory: '/taki/Desktop/octopus_crm/media/images/logos/light-logo.png'>
Failed to load image at 'file://home/taki/Desktop/octopus_crm/media/images/logos/light-logo.png': URLError: <urlopen error [Errno 2] No such file or directory: '/taki/Desktop/octopus_crm/media/images/logos/light-logo.png'>
Failed to load image at 'file://home/taki/Desktop/octopus_crm/media/images/logos/light-logo.png': URLError: <urlopen error [Errno 2] No such file or directory: '/taki/Desktop/octopus_crm/media/images/logos/light-logo.png'>
Failed to load image at 'file://home/taki/Desktop/octopus_crm/media/images/logos/light-logo.png': URLError: <urlopen error [Errno 2] No such file or directory: '/taki/Desktop/octopus_crm/media/images/logos/light-logo.png'>
Failed to load image at 'file://home/taki/Desktop/octopus_crm/media/images/logos/light-logo.png': URLError: <urlopen error [Errno 2] No such file or directory: '/taki/Desktop/octopus_crm/media/images/logos/light-logo.png'>
Failed to load image at 'file://home/taki/Desktop/octopus_crm/media/images/logos/light-logo.png': URLError: <urlopen error [Errno 2] No such file or directory: '/taki/Desktop/octopus_crm/media/images/logos/light-logo.png'>
Failed to load image at 'file://home/taki/Desktop/octopus_crm/media/images/logos/light-logo.png': URLError: <urlopen error [Errno 2] No such file or directory: '/taki/Desktop/octopus_crm/media/images/logos/light-logo.png'>
Failed to load image at 'file://home/taki/Desktop/octopus_crm/media/images/logos/light-logo.png': URLError: <urlopen error [Errno 2] No such file or directory: '/taki/Desktop/octopus_crm/media/images/logos/light-logo.png'>
Failed to load image at 'file://home/taki/Desktop/octopus_crm/media/images/logos/light-logo.png': URLError: <urlopen error [Errno 2] No such file or directory: '/taki/Desktop/octopus_crm/media/images/logos/light-logo.png'>
Failed to load image at 'file://home/taki/Desktop/octopus_crm/media/images/logos/light-logo.png': URLError: <urlopen error [Errno 2] No such file or directory: '/taki/Desktop/octopus_crm/media/images/logos/light-logo.png'>
Failed to load image at 'file://home/taki/Desktop/octopus_crm/media/images/logos/light-logo.png': URLError: <urlopen error [Errno 2] No such file or directory: '/taki/Desktop/octopus_crm/media/images/logos/light-logo.png'>
Failed to load image at 'file://home/taki/Desktop/octopus_crm/media/images/logos/light-logo.png': URLError: <urlopen error [Errno 2] No such file or directory: '/taki/Desktop/octopus_crm/media/images/logos/light-logo.png'>
Failed to load image at 'file://home/taki/Desktop/octopus_crm/media/images/logos/light-logo.png': URLError: <urlopen error [Errno 2] No such file or directory: '/taki/Desktop/octopus_crm/media/images/logos/light-logo.png'>
Failed to load image at 'file://home/taki/Desktop/octopus_crm/media/images/logos/light-logo.png': URLError: <urlopen error [Errno 2] No such file or directory: '/taki/Desktop/octopus_crm/media/images/logos/light-logo.png'>
Failed to load image at 'file://home/taki/Desktop/octopus_crm/media/images/logos/light-logo.png': URLError: <urlopen error [Errno 2] No such file or directory: '/taki/Desktop/octopus_crm/media/images/logos/light-logo.png'>
Failed to load image at 'http://localhost:8000/media/images/logos/light-logo_vCMRv5J.png': UnidentifiedImageError: cannot identify image file <_io.BytesIO object at 0x7af1446f49f0>
Failed to load image at 'http://localhost:8000/media/images/logos/light-logo_vCMRv5J.png': UnidentifiedImageError: cannot identify image file <_io.BytesIO object at 0x7af1446f49f0>
Failed to load image at 'http://localhost:8000/media/images/logos/light-logo_vCMRv5J.png': UnidentifiedImageError: cannot identify image file <_io.BytesIO object at 0x7af1446f49f0>
Failed to load image at 'http://localhost:8000/media/images/logos/light-logo_vCMRv5J.png': UnidentifiedImageError: cannot identify image file <_io.BytesIO object at 0x7af1446f49f0>
Failed to load image at 'http://localhost:8000/media/images/logos/light-logo_vCMRv5J.png': UnidentifiedImageError: cannot identify image file <_io.BytesIO object at 0x7af1446f49f0>
Failed to load image at 'http://localhost:8000/media/images/logos/light-logo_vCMRv5J.png': UnidentifiedImageError: cannot identify image file <_io.BytesIO object at 0x7af1446f49f0>
Failed to load image at 'http://localhost:8000/media/images/logos/light-logo_vCMRv5J.png': UnidentifiedImageError: cannot identify image file <_io.BytesIO object at 0x7af1446f49f0>
Failed to load image at 'http://localhost:8000/media/images/logos/light-logo_vCMRv5J.png': UnidentifiedImageError: cannot identify image file <_io.BytesIO object at 0x7af1446f49f0>
Failed to load image at 'http://localhost:8000/media/images/logos/light-logo_vCMRv5J.png': UnidentifiedImageError: cannot identify image file <_io.BytesIO object at 0x7af1446f49f0>
Failed to load image at 'http://localhost:8000/media/images/logos/light-logo_vCMRv5J.png': UnidentifiedImageError: cannot identify image file <_io.BytesIO object at 0x7af1446f49f0>
Failed to load image at 'http://localhost:8000/media/images/logos/light-logo_vCMRv5J.png': UnidentifiedImageError: cannot identify image file <_io.BytesIO object at 0x7af1446f49f0>
Failed to load image at 'http://localhost:8000/media/images/logos/light-logo_vCMRv5J.png': UnidentifiedImageError: cannot identify image file <_io.BytesIO object at 0x7af1446f49f0>
Failed to load image at 'http://localhost:8000/media/images/logos/light-logo_vCMRv5J.png': UnidentifiedImageError: cannot identify image file <_io.BytesIO object at 0x7af12df540e0>
Failed to load image at 'http://localhost:8000/media/images/logos/light-logo_vCMRv5J.png': UnidentifiedImageError: cannot identify image file <_io.BytesIO object at 0x7af12df540e0>
Failed to load image at 'http://localhost:8000/media/images/logos/light-logo_vCMRv5J.png': UnidentifiedImageError: cannot identify image file <_io.BytesIO object at 0x7af12df540e0>
Failed to load image at 'http://localhost:8000/media/images/logos/light-logo_vCMRv5J.png': UnidentifiedImageError: cannot identify image file <_io.BytesIO object at 0x7af12df540e0>
Failed to load image at 'http://localhost:8000/media/images/logos/light-logo_vCMRv5J.png': UnidentifiedImageError: cannot identify image file <_io.BytesIO object at 0x7af12df540e0>
Failed to load image at 'http://localhost:8000/media/images/logos/light-logo_vCMRv5J.png': UnidentifiedImageError: cannot identify image file <_io.BytesIO object at 0x7af12df540e0>
Failed to load image at 'http://localhost:8000/media/images/logos/light-logo_vCMRv5J.png': UnidentifiedImageError: cannot identify image file <_io.BytesIO object at 0x7af12df540e0>
Failed to load image at 'http://localhost:8000/media/images/logos/light-logo_vCMRv5J.png': UnidentifiedImageError: cannot identify image file <_io.BytesIO object at 0x7af12df540e0>
Failed to load image at 'http://localhost:8000/media/images/logos/light-logo_vCMRv5J.png': UnidentifiedImageError: cannot identify image file <_io.BytesIO object at 0x7af12df540e0>
Failed to load image at 'http://localhost:8000/media/images/logos/light-logo_vCMRv5J.png': UnidentifiedImageError: cannot identify image file <_io.BytesIO object at 0x7af12df540e0>
Failed to load image at 'http://localhost:8000/media/images/logos/light-logo_vCMRv5J.png': UnidentifiedImageError: cannot identify image file <_io.BytesIO object at 0x7af12df540e0>
Failed to load image at 'http://localhost:8000/media/images/logos/light-logo_vCMRv5J.png': UnidentifiedImageError: cannot identify image file <_io.BytesIO object at 0x7af12df540e0>
Failed to load image at 'http://localhost:8000/media/images/logos/light-logo_vCMRv5J.png': UnidentifiedImageError: cannot identify image file <_io.BytesIO object at 0x7af12df540e0>
Failed to load image at 'http://localhost:8000/media/images/logos/light-logo_vCMRv5J.png': UnidentifiedImageError: cannot identify image file <_io.BytesIO object at 0x7af145384cc0>
Failed to load image at 'http://localhost:8000/media/images/logos/light-logo_vCMRv5J.png': UnidentifiedImageError: cannot identify image file <_io.BytesIO object at 0x7af145384cc0>
Failed to load image at 'http://localhost:8000/media/images/logos/light-logo_vCMRv5J.png': UnidentifiedImageError: cannot identify image file <_io.BytesIO object at 0x7af145384cc0>
Failed to load image at 'http://localhost:8000/media/images/logos/light-logo_vCMRv5J.png': UnidentifiedImageError: cannot identify image file <_io.BytesIO object at 0x7af145384cc0>
Failed to load image at 'http://localhost:8000/media/images/logos/light-logo_vCMRv5J.png': UnidentifiedImageError: cannot identify image file <_io.BytesIO object at 0x7af145384cc0>
Failed to load image at 'http://localhost:8000/media/images/logos/light-logo_vCMRv5J.png': UnidentifiedImageError: cannot identify image file <_io.BytesIO object at 0x7af145384cc0>
Failed to load image at 'http://localhost:8000/media/images/logos/light-logo_vCMRv5J.png': UnidentifiedImageError: cannot identify image file <_io.BytesIO object at 0x7af145384cc0>
Failed to load image at 'http://localhost:8000/media/images/logos/light-logo_vCMRv5J.png': UnidentifiedImageError: cannot identify image file <_io.BytesIO object at 0x7af145384cc0>
Failed to load image at 'http://localhost:8000/media/images/logos/light-logo_vCMRv5J.png': UnidentifiedImageError: cannot identify image file <_io.BytesIO object at 0x7af145384cc0>
Failed to load image at 'http://localhost:8000/media/images/logos/light-logo_vCMRv5J.png': UnidentifiedImageError: cannot identify image file <_io.BytesIO object at 0x7af145384cc0>
Failed to load image at 'http://localhost:8000/media/images/logos/light-logo_vCMRv5J.png': UnidentifiedImageError: cannot identify image file <_io.BytesIO object at 0x7af145384cc0>
Failed to load image at 'http://localhost:8000/media/images/logos/light-logo_vCMRv5J.png': UnidentifiedImageError: cannot identify image file <_io.BytesIO object at 0x7af145384cc0>
Failed to load image at 'http://localhost:8000/media/images/logos/light-logo_vCMRv5J.png': UnidentifiedImageError: cannot identify image file <_io.BytesIO object at 0x7af145384cc0>
Failed to load image at 'http://localhost:8000/media/images/logos/light-logo_vCMRv5J.png': UnidentifiedImageError: cannot identify image file <_io.BytesIO object at 0x7af145384cc0>
